# JRE version: OpenJDK Runtime Environment (11.0.20+8) (build 11.0.20+8-post-Ubuntu-1ubuntu122.04)
# Java VM: OpenJDK 64-Bit Server VM (11.0.20+8-post-Ubuntu-1ubuntu122.04, mixed mode, sharing, tiered, compressed oops, g1 gc, linux-amd64)
Heap:
 garbage-first heap   total 455680K, used 374861K [0x0000000080000000, 0x0000000100000000)
  region size 1024K, 20 young (20480K), 4 survivors (4096K)
 Metaspace       used 139916K, capacity 147597K, committed 147796K, reserved 643072K
  class space    used 18581K, capacity 21499K, committed 21504K, reserved 516096K
GC Heap History (20 events):
Event: 42.673 GC heap before
{Heap before GC invocations=32 (full 0):
 garbage-first heap   total 455680K, used 384964K [0x0000000080000000, 0x0000000100000000)
  region size 1024K, 76 young (77824K), 7 survivors (7168K)
 Metaspace       used 128848K, capacity 136212K, committed 136404K, reserved 632832K
  class space    used 17209K, capacity 19971K, committed 20096K, reserved 516096K
}
Event: 42.700 GC heap after
{Heap after GC invocations=33 (full 0):
 garbage-first heap   total 455680K, used 325120K [0x0000000080000000, 0x0000000100000000)
  region size 1024K, 10 young (10240K), 10 survivors (10240K)
 Metaspace       used 128848K, capacity 136212K, committed 136404K, reserved 632832K
  class space    used 17209K, capacity 19971K, committed 20096K, reserved 516096K
}
Event: 43.361 GC heap before
{Heap before GC invocations=33 (full 0):
 garbage-first heap   total 455680K, used 385536K [0x0000000080000000, 0x0000000100000000)
  region size 1024K, 70 young (71680K), 10 survivors (10240K)
 Metaspace       used 129072K, capacity 136473K, committed 136660K, reserved 632832K
  class space    used 17215K, capacity 20004K, committed 20096K, reserved 516096K
}
Event: 43.379 GC heap after
{Heap after GC invocations=34 (full 0):
 garbage-first heap   total 455680K, used 331348K [0x0000000080000000, 0x0000000100000000)
  region size 1024K, 6 young (6144K), 6 survivors (6144K)
 Metaspace       used 129072K, capacity 136473K, committed 136660K, reserved 632832K
  class space    used 17215K, capacity 20004K, committed 20096K, reserved 516096K
}
Event: 43.985 GC heap before
{Heap before GC invocations=35 (full 0):
 garbage-first heap   total 455680K, used 391764K [0x0000000080000000, 0x0000000100000000)
  region size 1024K, 62 young (63488K), 6 survivors (6144K)
 Metaspace       used 129547K, capacity 136972K, committed 137172K, reserved 634880K
  class space    used 17246K, capacity 20060K, committed 20096K, reserved 516096K
}
Event: 44.003 GC heap after
{Heap after GC invocations=36 (full 0):
 garbage-first heap   total 455680K, used 335906K [0x0000000080000000, 0x0000000100000000)
  region size 1024K, 5 young (5120K), 5 survivors (5120K)
 Metaspace       used 129547K, capacity 136972K, committed 137172K, reserved 634880K
  class space    used 17246K, capacity 20060K, committed 20096K, reserved 516096K
}
Event: 44.010 GC heap before
{Heap before GC invocations=36 (full 0):
 garbage-first heap   total 455680K, used 336930K [0x0000000080000000, 0x0000000100000000)
  region size 1024K, 7 young (7168K), 5 survivors (5120K)
 Metaspace       used 129547K, capacity 136972K, committed 137172K, reserved 634880K
  class space    used 17246K, capacity 20060K, committed 20096K, reserved 516096K
}
Event: 44.040 GC heap after
{Heap after GC invocations=37 (full 0):
 garbage-first heap   total 455680K, used 336889K [0x0000000080000000, 0x0000000100000000)
  region size 1024K, 1 young (1024K), 1 survivors (1024K)
 Metaspace       used 129547K, capacity 136972K, committed 137172K, reserved 634880K
  class space    used 17246K, capacity 20060K, committed 20096K, reserved 516096K
}
Event: 44.456 GC heap before
{Heap before GC invocations=37 (full 0):
 garbage-first heap   total 455680K, used 386041K [0x0000000080000000, 0x0000000100000000)
  region size 1024K, 42 young (43008K), 1 survivors (1024K)
 Metaspace       used 129723K, capacity 137220K, committed 137428K, reserved 634880K
  class space    used 17252K, capacity 20071K, committed 20096K, reserved 516096K
}
Event: 44.472 GC heap after
{Heap after GC invocations=38 (full 0):
 garbage-first heap   total 455680K, used 339543K [0x0000000080000000, 0x0000000100000000)
  region size 1024K, 4 young (4096K), 4 survivors (4096K)
 Metaspace       used 129723K, capacity 137220K, committed 137428K, reserved 634880K
  class space    used 17252K, capacity 20071K, committed 20096K, reserved 516096K
}
Event: 44.870 GC heap before
{Heap before GC invocations=38 (full 0):
 garbage-first heap   total 455680K, used 389719K [0x0000000080000000, 0x0000000100000000)
  region size 1024K, 46 young (47104K), 4 survivors (4096K)
 Metaspace       used 129798K, capacity 137258K, committed 137428K, reserved 634880K
  class space    used 17256K, capacity 20077K, committed 20096K, reserved 516096K
}
Event: 44.887 GC heap after
{Heap after GC invocations=39 (full 0):
 garbage-first heap   total 455680K, used 343033K [0x0000000080000000, 0x0000000100000000)
  region size 1024K, 4 young (4096K), 4 survivors (4096K)
 Metaspace       used 129798K, capacity 137258K, committed 137428K, reserved 634880K
  class space    used 17256K, capacity 20077K, committed 20096K, reserved 516096K
}
Event: 45.296 GC heap before
{Heap before GC invocations=39 (full 0):
 garbage-first heap   total 455680K, used 389113K [0x0000000080000000, 0x0000000100000000)
  region size 1024K, 46 young (47104K), 4 survivors (4096K)
 Metaspace       used 129923K, capacity 137411K, committed 137684K, reserved 634880K
  class space    used 17271K, capacity 20096K, committed 20096K, reserved 516096K
}
Event: 45.306 GC heap after
{Heap after GC invocations=40 (full 0):
 garbage-first heap   total 455680K, used 346397K [0x0000000080000000, 0x0000000100000000)
  region size 1024K, 4 young (4096K), 4 survivors (4096K)
 Metaspace       used 129923K, capacity 137411K, committed 137684K, reserved 634880K
  class space    used 17271K, capacity 20096K, committed 20096K, reserved 516096K
}
Event: 45.787 GC heap before
{Heap before GC invocations=41 (full 0):
 garbage-first heap   total 455680K, used 387357K [0x0000000080000000, 0x0000000100000000)
  region size 1024K, 45 young (46080K), 4 survivors (4096K)
 Metaspace       used 130929K, capacity 138463K, committed 138580K, reserved 634880K
  class space    used 17395K, capacity 20218K, committed 20224K, reserved 516096K
}
Event: 45.808 GC heap after
{Heap after GC invocations=42 (full 0):
 garbage-first heap   total 455680K, used 349626K [0x0000000080000000, 0x0000000100000000)
  region size 1024K, 6 young (6144K), 6 survivors (6144K)
 Metaspace       used 130929K, capacity 138463K, committed 138580K, reserved 634880K
  class space    used 17395K, capacity 20218K, committed 20224K, reserved 516096K
}
Event: 46.342 GC heap before
{Heap before GC invocations=42 (full 0):
 garbage-first heap   total 455680K, used 390586K [0x0000000080000000, 0x0000000100000000)
  region size 1024K, 47 young (48128K), 6 survivors (6144K)
 Metaspace       used 132295K, capacity 139848K, committed 140116K, reserved 636928K
  class space    used 17582K, capacity 20437K, committed 20480K, reserved 516096K
}
Event: 46.371 GC heap after
{Heap after GC invocations=43 (full 0):
 garbage-first heap   total 455680K, used 353963K [0x0000000080000000, 0x0000000100000000)
  region size 1024K, 5 young (5120K), 5 survivors (5120K)
 Metaspace       used 132295K, capacity 139848K, committed 140116K, reserved 636928K
  class space    used 17582K, capacity 20437K, committed 20480K, reserved 516096K
}
Event: 46.929 GC heap before
{Heap before GC invocations=43 (full 0):
 garbage-first heap   total 455680K, used 391851K [0x0000000080000000, 0x0000000100000000)
  region size 1024K, 43 young (44032K), 5 survivors (5120K)
 Metaspace       used 133715K, capacity 141283K, committed 141652K, reserved 638976K
  class space    used 17771K, capacity 20621K, committed 20736K, reserved 516096K
}
Event: 46.940 GC heap after
{Heap after GC invocations=44 (full 0):
 garbage-first heap   total 455680K, used 357453K [0x0000000080000000, 0x0000000100000000)
  region size 1024K, 4 young (4096K), 4 survivors (4096K)
 Metaspace       used 133715K, capacity 141283K, committed 141652K, reserved 638976K
  class space    used 17771K, capacity 20621K, committed 20736K, reserved 516096K
}

