# JRE version: OpenJDK Runtime Environment (11.0.19+7) (build 11.0.19+7-post-Ubuntu-0ubuntu122.04.1)
# Java VM: OpenJDK 64-Bit Server VM (11.0.19+7-post-Ubuntu-0ubuntu122.04.1, mixed mode, sharing, tiered, compressed oops, g1 gc, linux-amd64)
Heap:
 garbage-first heap   total 387072K, used 92606K [0x0000000689c00000, 0x0000000800000000)
  region size 1024K, 88 young (90112K), 14 survivors (14336K)
 Metaspace       used 34591K, capacity 35351K, committed 35840K, reserved 1081344K
  class space    used 4339K, capacity 4541K, committed 4608K, reserved 1048576K
GC Heap History (7 events):
Event: 1.150 GC heap before
{Heap before GC invocations=0 (full 0):
 garbage-first heap   total 387072K, used 22216K [0x0000000689c00000, 0x0000000800000000)
  region size 1024K, 18 young (18432K), 0 survivors (0K)
 Metaspace       used 5373K, capacity 8637K, committed 8832K, reserved 1056768K
  class space    used 502K, capacity 814K, committed 896K, reserved 1048576K
}
Event: 1.198 GC heap after
{Heap after GC invocations=1 (full 0):
 garbage-first heap   total 387072K, used 5977K [0x0000000689c00000, 0x0000000800000000)
  region size 1024K, 3 young (3072K), 3 survivors (3072K)
 Metaspace       used 5373K, capacity 8637K, committed 8832K, reserved 1056768K
  class space    used 502K, capacity 814K, committed 896K, reserved 1048576K
}
Event: 3.161 GC heap before
{Heap before GC invocations=1 (full 0):
 garbage-first heap   total 387072K, used 34649K [0x0000000689c00000, 0x0000000800000000)
  region size 1024K, 31 young (31744K), 3 survivors (3072K)
 Metaspace       used 11312K, capacity 13681K, committed 13824K, reserved 1060864K
  class space    used 1179K, capacity 1439K, committed 1536K, reserved 1048576K
}
Event: 3.189 GC heap after
{Heap after GC invocations=2 (full 0):
 garbage-first heap   total 387072K, used 9209K [0x0000000689c00000, 0x0000000800000000)
  region size 1024K, 4 young (4096K), 4 survivors (4096K)
 Metaspace       used 11312K, capacity 13681K, committed 13824K, reserved 1060864K
  class space    used 1179K, capacity 1439K, committed 1536K, reserved 1048576K
}
Event: 4.742 GC heap before
{Heap before GC invocations=2 (full 0):
 garbage-first heap   total 387072K, used 44025K [0x0000000689c00000, 0x0000000800000000)
  region size 1024K, 36 young (36864K), 4 survivors (4096K)
 Metaspace       used 19959K, capacity 21013K, committed 21248K, reserved 1069056K
  class space    used 2263K, capacity 2449K, committed 2560K, reserved 1048576K
}
Event: 4.757 GC heap after
{Heap after GC invocations=3 (full 0):
 garbage-first heap   total 387072K, used 14782K [0x0000000689c00000, 0x0000000800000000)
  region size 1024K, 6 young (6144K), 6 survivors (6144K)
 Metaspace       used 19959K, capacity 21013K, committed 21248K, reserved 1069056K
  class space    used 2263K, capacity 2449K, committed 2560K, reserved 1048576K
}
Event: 8.202 GC heap before
{Heap before GC invocations=4 (full 0):
 garbage-first heap   total 387072K, used 91582K [0x0000000689c00000, 0x0000000800000000)
  region size 1024K, 80 young (81920K), 6 survivors (6144K)
 Metaspace       used 34591K, capacity 35351K, committed 35840K, reserved 1081344K
  class space    used 4339K, capacity 4541K, committed 4608K, reserved 1048576K
}

